<?xml version="1.0" encoding="UTF-8"?>
<!-- Generated by org.testng.reporters.JUnitXMLReporter -->
<testsuite ignored="3" hostname="LAPTOP-4MRSMTU3" failures="0" tests="1" name="Default test" time="14.742" errors="0" timestamp="2024-10-31T19:21:08 EET">
  <testcase classname="firstprojectt.test" name="addtocart" time="12.457"/>
  <testcase classname="firstprojectt.test" name="signup" time="0.0">
    <ignored/>
  </testcase> <!-- signup -->
  <testcase classname="firstprojectt.test" name="login" time="0.0">
    <ignored/>
  </testcase> <!-- login -->
  <testcase classname="firstprojectt.test" name="logout" time="0.0">
    <ignored/>
  </testcase> <!-- logout -->
</testsuite> <!-- Default test -->
