<?xml version="1.0" encoding="UTF-8"?>
<testng-results ignored="3" total="4" passed="1" failed="0" skipped="0">
  <reporter-output>
  </reporter-output>
  <suite started-at="2024-10-31T19:20:53 EET" name="Default suite" finished-at="2024-10-31T19:21:08 EET" duration-ms="14742">
    <groups>
    </groups>
    <test started-at="2024-10-31T19:20:53 EET" name="Default test" finished-at="2024-10-31T19:21:08 EET" duration-ms="14742">
      <class name="firstprojectt.test">
        <test-method is-config="true" signature="mySetup()[pri:0, instance:firstprojectt.test@31000e60]" started-at="2024-10-31T19:20:53 EET" name="mySetup" finished-at="2024-10-31T19:20:56 EET" duration-ms="2194" status="PASS">
          <reporter-output>
          </reporter-output>
        </test-method> <!-- mySetup -->
        <test-method signature="addtocart()[pri:5, instance:firstprojectt.test@31000e60]" started-at="2024-10-31T19:20:56 EET" name="addtocart" finished-at="2024-10-31T19:21:08 EET" duration-ms="12457" status="PASS">
          <reporter-output>
          </reporter-output>
        </test-method> <!-- addtocart -->
        <test-method is-config="true" signature="myAterTest()[pri:0, instance:firstprojectt.test@31000e60]" started-at="2024-10-31T19:21:08 EET" name="myAterTest" finished-at="2024-10-31T19:21:08 EET" duration-ms="0" status="PASS">
          <reporter-output>
          </reporter-output>
        </test-method> <!-- myAterTest -->
      </class> <!-- firstprojectt.test -->
    </test> <!-- Default test -->
  </suite> <!-- Default suite -->
</testng-results>
